<?xml version="1.0" encoding="UTF-8"?>
<robot generator="Robot 3.2.2 (Python 3.9.2 on win32)" generated="20210330 12:05:59.283" rpa="false">
<suite id="s1" name="TestRadioButton" source="C:\Users\RAlexandru\Documents\Proiecte Eclipse\TestRadioButton">
<suite id="s1-s1" name="Test Radio Button" source="C:\Users\RAlexandru\Documents\Proiecte Eclipse\TestRadioButton\test_radio_button.robot">
<test id="s1-s1-t1" name="TestCheckbox">
<kw name="Open Browser Page">
<kw name="Open Browser" library="SeleniumLibrary">
<doc>Opens a new browser instance to the optional ``url``.</doc>
<arguments>
<arg>${url}</arg>
<arg>${browser}</arg>
</arguments>
<msg timestamp="20210330 12:05:59.486" level="INFO">Opening browser 'chrome' to base url 'https://demoqa.com/radio-button'.</msg>
<status status="PASS" starttime="20210330 12:05:59.486" endtime="20210330 12:06:02.094"></status>
</kw>
<kw name="Maximize Browser Window" library="SeleniumLibrary">
<doc>Maximizes current browser window.</doc>
<status status="PASS" starttime="20210330 12:06:02.094" endtime="20210330 12:06:02.210"></status>
</kw>
<status status="PASS" starttime="20210330 12:05:59.485" endtime="20210330 12:06:02.210"></status>
</kw>
<kw name="Retrieve Radiobuttons" library="check_radiobutton.SelectRadioButton">
<status status="PASS" starttime="20210330 12:06:02.211" endtime="20210330 12:06:02.270"></status>
</kw>
<kw name="Select Button" library="check_radiobutton.SelectRadioButton">
<arguments>
<arg>${chosen_value}</arg>
</arguments>
<status status="PASS" starttime="20210330 12:06:02.270" endtime="20210330 12:06:02.285"></status>
</kw>
<kw name="Sleep" library="BuiltIn">
<doc>Pauses the test executed for the given time.</doc>
<arguments>
<arg>3</arg>
</arguments>
<msg timestamp="20210330 12:06:05.292" level="INFO">Slept 3 seconds</msg>
<status status="PASS" starttime="20210330 12:06:02.286" endtime="20210330 12:06:05.293"></status>
</kw>
<kw name="Close Browser" library="SeleniumLibrary">
<doc>Closes the current browser.</doc>
<status status="PASS" starttime="20210330 12:06:05.294" endtime="20210330 12:06:07.439"></status>
</kw>
<status status="PASS" starttime="20210330 12:05:59.485" endtime="20210330 12:06:07.440" critical="yes"></status>
</test>
<status status="PASS" starttime="20210330 12:05:59.327" endtime="20210330 12:06:07.441"></status>
</suite>
<status status="PASS" starttime="20210330 12:05:59.308" endtime="20210330 12:06:07.443"></status>
</suite>
<statistics>
<total>
<stat pass="1" fail="0">Critical Tests</stat>
<stat pass="1" fail="0">All Tests</stat>
</total>
<tag>
</tag>
<suite>
<stat pass="1" fail="0" id="s1" name="TestRadioButton">TestRadioButton</stat>
<stat pass="1" fail="0" id="s1-s1" name="Test Radio Button">TestRadioButton.Test Radio Button</stat>
</suite>
</statistics>
<errors>
</errors>
</robot>
